/*C450*/SET SCHEMA PUBLIC
DISCONNECT
/*C451*/SET SCHEMA PUBLIC
DISCONNECT
/*C452*/SET SCHEMA PUBLIC
DISCONNECT
/*C453*/SET SCHEMA PUBLIC
DISCONNECT
/*C454*/SET SCHEMA PUBLIC
DISCONNECT
/*C455*/SET SCHEMA PUBLIC
DISCONNECT
/*C456*/SET SCHEMA PUBLIC
DISCONNECT
/*C457*/SET SCHEMA PUBLIC
DISCONNECT
/*C458*/SET SCHEMA PUBLIC
DISCONNECT
/*C459*/SET SCHEMA PUBLIC
INSERT INTO CARTAODECREDITO VALUES('1111.1111.1111.1444','31/12/2500',21)
COMMIT
DISCONNECT
/*C460*/SET SCHEMA PUBLIC
DISCONNECT
/*C461*/SET SCHEMA PUBLIC
DISCONNECT
/*C462*/SET SCHEMA PUBLIC
DISCONNECT
/*C448*/SET SCHEMA PUBLIC
DISCONNECT
/*C449*/SET SCHEMA PUBLIC
DISCONNECT
/*C463*/SET SCHEMA PUBLIC
DISCONNECT
/*C464*/SET SCHEMA PUBLIC
DISCONNECT
/*C465*/SET SCHEMA PUBLIC
DISCONNECT
/*C466*/SET SCHEMA PUBLIC
DISCONNECT
/*C467*/SET SCHEMA PUBLIC
DISCONNECT
/*C468*/SET SCHEMA PUBLIC
DISCONNECT
/*C469*/SET SCHEMA PUBLIC
DISCONNECT
/*C472*/SET SCHEMA PUBLIC
DISCONNECT
/*C473*/SET SCHEMA PUBLIC
DISCONNECT
/*C474*/SET SCHEMA PUBLIC
DISCONNECT
/*C475*/SET SCHEMA PUBLIC
DISCONNECT
/*C476*/SET SCHEMA PUBLIC
DISCONNECT
/*C477*/SET SCHEMA PUBLIC
DISCONNECT
/*C478*/SET SCHEMA PUBLIC
DISCONNECT
/*C479*/SET SCHEMA PUBLIC
DISCONNECT
/*C480*/SET SCHEMA PUBLIC
DISCONNECT
/*C481*/SET SCHEMA PUBLIC
DISCONNECT
/*C470*/SET SCHEMA PUBLIC
DISCONNECT
/*C471*/SET SCHEMA PUBLIC
DISCONNECT
/*C482*/SET SCHEMA PUBLIC
DISCONNECT
/*C483*/SET SCHEMA PUBLIC
DISCONNECT
/*C484*/SET SCHEMA PUBLIC
DISCONNECT
/*C485*/SET SCHEMA PUBLIC
DISCONNECT
/*C486*/SET SCHEMA PUBLIC
DISCONNECT
/*C487*/SET SCHEMA PUBLIC
DISCONNECT
/*C488*/SET SCHEMA PUBLIC
DISCONNECT
/*C489*/SET SCHEMA PUBLIC
DISCONNECT
/*C490*/SET SCHEMA PUBLIC
DISCONNECT
/*C491*/SET SCHEMA PUBLIC
DISCONNECT
/*C492*/SET SCHEMA PUBLIC
DISCONNECT
/*C493*/SET SCHEMA PUBLIC
DISCONNECT
/*C494*/SET SCHEMA PUBLIC
DISCONNECT
/*C495*/SET SCHEMA PUBLIC
DISCONNECT
/*C496*/SET SCHEMA PUBLIC
DISCONNECT
/*C497*/SET SCHEMA PUBLIC
DISCONNECT
/*C498*/SET SCHEMA PUBLIC
DISCONNECT
/*C499*/SET SCHEMA PUBLIC
DISCONNECT
/*C500*/SET SCHEMA PUBLIC
DISCONNECT
/*C501*/SET SCHEMA PUBLIC
DISCONNECT
/*C502*/SET SCHEMA PUBLIC
DISCONNECT
/*C503*/SET SCHEMA PUBLIC
DISCONNECT
/*C504*/SET SCHEMA PUBLIC
DISCONNECT
/*C505*/SET SCHEMA PUBLIC
DISCONNECT
/*C506*/SET SCHEMA PUBLIC
DISCONNECT
/*C507*/SET SCHEMA PUBLIC
DISCONNECT
/*C509*/SET SCHEMA PUBLIC
DISCONNECT
/*C508*/SET SCHEMA PUBLIC
INSERT INTO USUARIO VALUES(22,'Peiscil','mag','teste','adm','admpry','22/06/1989',TRUE)
COMMIT
DISCONNECT
/*C510*/SET SCHEMA PUBLIC
DISCONNECT
/*C511*/SET SCHEMA PUBLIC
DISCONNECT
/*C512*/SET SCHEMA PUBLIC
DISCONNECT
/*C513*/SET SCHEMA PUBLIC
DISCONNECT
/*C515*/SET SCHEMA PUBLIC
DISCONNECT
/*C514*/SET SCHEMA PUBLIC
DELETE FROM USUARIO WHERE IDUSUARIO=22
INSERT INTO USUARIO VALUES(22,'Priscila','mag','teste','adm','admpry','22/06/1989',TRUE)
COMMIT
DISCONNECT
/*C516*/SET SCHEMA PUBLIC
DISCONNECT
/*C519*/SET SCHEMA PUBLIC
DISCONNECT
/*C520*/SET SCHEMA PUBLIC
DISCONNECT
/*C521*/SET SCHEMA PUBLIC
DISCONNECT
/*C522*/SET SCHEMA PUBLIC
DISCONNECT
/*C523*/SET SCHEMA PUBLIC
DISCONNECT
/*C524*/SET SCHEMA PUBLIC
DISCONNECT
/*C517*/SET SCHEMA PUBLIC
DISCONNECT
/*C518*/SET SCHEMA PUBLIC
DISCONNECT
/*C525*/SET SCHEMA PUBLIC
DISCONNECT
/*C526*/SET SCHEMA PUBLIC
DISCONNECT
/*C527*/SET SCHEMA PUBLIC
DISCONNECT
/*C528*/SET SCHEMA PUBLIC
DISCONNECT
/*C529*/SET SCHEMA PUBLIC
DISCONNECT
/*C530*/SET SCHEMA PUBLIC
DISCONNECT
/*C531*/SET SCHEMA PUBLIC
DISCONNECT
/*C533*/SET SCHEMA PUBLIC
DISCONNECT
/*C532*/SET SCHEMA PUBLIC
DISCONNECT
/*C535*/SET SCHEMA PUBLIC
DISCONNECT
/*C534*/SET SCHEMA PUBLIC
DISCONNECT
/*C537*/SET SCHEMA PUBLIC
DISCONNECT
/*C536*/SET SCHEMA PUBLIC
INSERT INTO USUARIO VALUES(23,'Anderson','ferreira canel','teste','adm','adm2','22/06/1989',TRUE)
COMMIT
DISCONNECT
/*C538*/SET SCHEMA PUBLIC
DISCONNECT
/*C540*/SET SCHEMA PUBLIC
DISCONNECT
/*C539*/SET SCHEMA PUBLIC
INSERT INTO USUARIO VALUES(24,'Heitor','ferreira canel','TESTE NOVO','user','user','22/06/1989',TRUE)
COMMIT
DISCONNECT
/*C541*/SET SCHEMA PUBLIC
DISCONNECT
/*C542*/SET SCHEMA PUBLIC
DISCONNECT
/*C543*/SET SCHEMA PUBLIC
DISCONNECT
/*C544*/SET SCHEMA PUBLIC
DISCONNECT
/*C545*/SET SCHEMA PUBLIC
DISCONNECT
/*C546*/SET SCHEMA PUBLIC
DISCONNECT
/*C547*/SET SCHEMA PUBLIC
DISCONNECT
/*C548*/SET SCHEMA PUBLIC
DISCONNECT
/*C549*/SET SCHEMA PUBLIC
DISCONNECT
/*C550*/SET SCHEMA PUBLIC
DISCONNECT
/*C552*/SET SCHEMA PUBLIC
DISCONNECT
/*C554*/SET SCHEMA PUBLIC
DISCONNECT
/*C553*/SET SCHEMA PUBLIC
INSERT INTO USUARIO VALUES(25,'nomee','mag','teste','user','user2','22/06/1989',FALSE)
COMMIT
DISCONNECT
/*C555*/SET SCHEMA PUBLIC
DISCONNECT
/*C556*/SET SCHEMA PUBLIC
DISCONNECT
/*C557*/SET SCHEMA PUBLIC
DISCONNECT
/*C558*/SET SCHEMA PUBLIC
DISCONNECT
/*C559*/SET SCHEMA PUBLIC
DISCONNECT
/*C560*/SET SCHEMA PUBLIC
DISCONNECT
/*C561*/SET SCHEMA PUBLIC
DISCONNECT
/*C562*/SET SCHEMA PUBLIC
DISCONNECT
/*C563*/SET SCHEMA PUBLIC
DISCONNECT
/*C564*/SET SCHEMA PUBLIC
DISCONNECT
/*C565*/SET SCHEMA PUBLIC
DISCONNECT
/*C566*/SET SCHEMA PUBLIC
DISCONNECT
/*C567*/SET SCHEMA PUBLIC
DISCONNECT
/*C568*/SET SCHEMA PUBLIC
DISCONNECT
/*C569*/SET SCHEMA PUBLIC
DISCONNECT
/*C570*/SET SCHEMA PUBLIC
DISCONNECT
/*C571*/SET SCHEMA PUBLIC
DISCONNECT
/*C572*/SET SCHEMA PUBLIC
DISCONNECT
/*C573*/SET SCHEMA PUBLIC
DISCONNECT
/*C574*/SET SCHEMA PUBLIC
DISCONNECT
/*C575*/SET SCHEMA PUBLIC
DISCONNECT
/*C576*/SET SCHEMA PUBLIC
DISCONNECT
/*C577*/SET SCHEMA PUBLIC
DISCONNECT
/*C578*/SET SCHEMA PUBLIC
DISCONNECT
/*C579*/SET SCHEMA PUBLIC
DISCONNECT
/*C580*/SET SCHEMA PUBLIC
DISCONNECT
/*C551*/SET SCHEMA PUBLIC
DISCONNECT
/*C581*/SET SCHEMA PUBLIC
DISCONNECT
/*C583*/SET SCHEMA PUBLIC
DISCONNECT
/*C582*/SET SCHEMA PUBLIC
DELETE FROM USUARIO WHERE IDUSUARIO=4
INSERT INTO USUARIO VALUES(4,'CLIENTE_Teste','ferreira canel','TESTE 2','user','userNOVO','15/04/1988',FALSE)
COMMIT
DISCONNECT
/*C584*/SET SCHEMA PUBLIC
DISCONNECT
/*C585*/SET SCHEMA PUBLIC
DISCONNECT
/*C586*/SET SCHEMA PUBLIC
DISCONNECT
/*C587*/SET SCHEMA PUBLIC
DISCONNECT
/*C588*/SET SCHEMA PUBLIC
DISCONNECT
/*C589*/SET SCHEMA PUBLIC
DISCONNECT
/*C590*/SET SCHEMA PUBLIC
DISCONNECT
/*C591*/SET SCHEMA PUBLIC
DISCONNECT
/*C593*/SET SCHEMA PUBLIC
DELETE FROM CARTAODECREDITO WHERE NUMEROCARTAO='8888.8888.8888.8889'
COMMIT
DISCONNECT
/*C594*/SET SCHEMA PUBLIC
DELETE FROM USUARIO WHERE IDUSUARIO=18
COMMIT
DISCONNECT
/*C595*/SET SCHEMA PUBLIC
DISCONNECT
/*C596*/SET SCHEMA PUBLIC
DISCONNECT
/*C598*/SET SCHEMA PUBLIC
DELETE FROM CARTAODECREDITO WHERE NUMEROCARTAO='1111.1111.1111.1444'
COMMIT
DISCONNECT
/*C599*/SET SCHEMA PUBLIC
DELETE FROM USUARIO WHERE IDUSUARIO=21
COMMIT
DISCONNECT
/*C600*/SET SCHEMA PUBLIC
DISCONNECT
/*C601*/SET SCHEMA PUBLIC
DISCONNECT
/*C602*/SET SCHEMA PUBLIC
DISCONNECT
/*C592*/SET SCHEMA PUBLIC
DISCONNECT
/*C597*/SET SCHEMA PUBLIC
DISCONNECT
/*C604*/SET SCHEMA PUBLIC
DISCONNECT
/*C603*/SET SCHEMA PUBLIC
INSERT INTO USUARIO VALUES(26,'teste','lanha','teste','adm','and','22/06/1989',FALSE)
COMMIT
DISCONNECT
/*C605*/SET SCHEMA PUBLIC
DISCONNECT
/*C606*/SET SCHEMA PUBLIC
DISCONNECT
/*C607*/SET SCHEMA PUBLIC
DISCONNECT
/*C608*/SET SCHEMA PUBLIC
DISCONNECT
/*C609*/SET SCHEMA PUBLIC
DISCONNECT
/*C610*/SET SCHEMA PUBLIC
DISCONNECT
/*C611*/SET SCHEMA PUBLIC
INSERT INTO CARTAODECREDITO VALUES('1111.1111.1111.1111','',26)
COMMIT
DISCONNECT
/*C612*/SET SCHEMA PUBLIC
DISCONNECT
/*C613*/SET SCHEMA PUBLIC
DISCONNECT
/*C614*/SET SCHEMA PUBLIC
DISCONNECT
/*C615*/SET SCHEMA PUBLIC
DISCONNECT
/*C616*/SET SCHEMA PUBLIC
DISCONNECT
/*C617*/SET SCHEMA PUBLIC
DELETE FROM CARTAODECREDITO WHERE NUMEROCARTAO='1111.1111.1111.1111'
INSERT INTO CARTAODECREDITO VALUES('1111.1111.1111.1111','31/12/2500',26)
COMMIT
DISCONNECT
/*C618*/SET SCHEMA PUBLIC
DISCONNECT
/*C619*/SET SCHEMA PUBLIC
DISCONNECT
/*C620*/SET SCHEMA PUBLIC
DISCONNECT
/*C621*/SET SCHEMA PUBLIC
DISCONNECT
/*C622*/SET SCHEMA PUBLIC
DISCONNECT
/*C623*/SET SCHEMA PUBLIC
INSERT INTO CARTAODECREDITO VALUES('1111.1111.1111.1133','31/12/2500',26)
COMMIT
DISCONNECT
/*C624*/SET SCHEMA PUBLIC
DISCONNECT
/*C625*/SET SCHEMA PUBLIC
DISCONNECT
/*C626*/SET SCHEMA PUBLIC
DISCONNECT
/*C627*/SET SCHEMA PUBLIC
DISCONNECT
/*C628*/SET SCHEMA PUBLIC
DISCONNECT
/*C629*/SET SCHEMA PUBLIC
DISCONNECT
/*C630*/SET SCHEMA PUBLIC
INSERT INTO CARTAODECREDITO VALUES('1111.1111.1111.1145','31/12/2500',26)
COMMIT
DISCONNECT
/*C631*/SET SCHEMA PUBLIC
DISCONNECT
/*C632*/SET SCHEMA PUBLIC
DISCONNECT
/*C633*/SET SCHEMA PUBLIC
DISCONNECT
/*C634*/SET SCHEMA PUBLIC
DISCONNECT
/*C635*/SET SCHEMA PUBLIC
DISCONNECT
/*C636*/SET SCHEMA PUBLIC
DISCONNECT
/*C637*/SET SCHEMA PUBLIC
DISCONNECT
/*C638*/SET SCHEMA PUBLIC
DISCONNECT
/*C639*/SET SCHEMA PUBLIC
DISCONNECT
/*C640*/SET SCHEMA PUBLIC
DISCONNECT
/*C641*/SET SCHEMA PUBLIC
DISCONNECT
/*C642*/SET SCHEMA PUBLIC
DISCONNECT
/*C644*/SET SCHEMA PUBLIC
DELETE FROM CARTAODECREDITO WHERE NUMEROCARTAO='1111.1111.1111.1111'
COMMIT
DISCONNECT
/*C645*/SET SCHEMA PUBLIC
DELETE FROM CARTAODECREDITO WHERE NUMEROCARTAO='1111.1111.1111.1133'
COMMIT
DISCONNECT
/*C646*/SET SCHEMA PUBLIC
DELETE FROM CARTAODECREDITO WHERE NUMEROCARTAO='1111.1111.1111.1145'
COMMIT
DISCONNECT
/*C647*/SET SCHEMA PUBLIC
DELETE FROM USUARIO WHERE IDUSUARIO=26
COMMIT
DISCONNECT
/*C648*/SET SCHEMA PUBLIC
DISCONNECT
/*C643*/SET SCHEMA PUBLIC
DISCONNECT
/*C651*/SET SCHEMA PUBLIC
DISCONNECT
/*C652*/SET SCHEMA PUBLIC
DISCONNECT
/*C653*/SET SCHEMA PUBLIC
DISCONNECT
/*C654*/SET SCHEMA PUBLIC
DISCONNECT
/*C655*/SET SCHEMA PUBLIC
DISCONNECT
/*C656*/SET SCHEMA PUBLIC
DISCONNECT
/*C657*/SET SCHEMA PUBLIC
DISCONNECT
/*C658*/SET SCHEMA PUBLIC
DISCONNECT
/*C659*/SET SCHEMA PUBLIC
DISCONNECT
/*C660*/SET SCHEMA PUBLIC
DISCONNECT
/*C661*/SET SCHEMA PUBLIC
DISCONNECT
/*C662*/SET SCHEMA PUBLIC
DISCONNECT
/*C664*/SET SCHEMA PUBLIC
DISCONNECT
/*C663*/SET SCHEMA PUBLIC
DELETE FROM USUARIO WHERE IDUSUARIO=24
INSERT INTO USUARIO VALUES(24,'Heitor','ferreira canel','TESTE NOVO','user','user','22/06/1989',FALSE)
COMMIT
DISCONNECT
/*C665*/SET SCHEMA PUBLIC
DISCONNECT
/*C666*/SET SCHEMA PUBLIC
DISCONNECT
/*C667*/SET SCHEMA PUBLIC
DISCONNECT
/*C669*/SET SCHEMA PUBLIC
DISCONNECT
/*C668*/SET SCHEMA PUBLIC
DELETE FROM USUARIO WHERE IDUSUARIO=24
INSERT INTO USUARIO VALUES(24,'Heitor','ferreira canel','TESTE NOVO','user','user','22/06/1989',FALSE)
COMMIT
DISCONNECT
/*C670*/SET SCHEMA PUBLIC
DISCONNECT
/*C671*/SET SCHEMA PUBLIC
DISCONNECT
/*C672*/SET SCHEMA PUBLIC
DISCONNECT
/*C650*/SET SCHEMA PUBLIC
DISCONNECT
/*C649*/SET SCHEMA PUBLIC
DISCONNECT
/*C673*/SET SCHEMA PUBLIC
DISCONNECT
/*C674*/SET SCHEMA PUBLIC
DISCONNECT
/*C677*/SET SCHEMA PUBLIC
DISCONNECT
/*C678*/SET SCHEMA PUBLIC
DISCONNECT
/*C679*/SET SCHEMA PUBLIC
DISCONNECT
/*C681*/SET SCHEMA PUBLIC
DISCONNECT
/*C680*/SET SCHEMA PUBLIC
DELETE FROM USUARIO WHERE IDUSUARIO=24
INSERT INTO USUARIO VALUES(24,'Heitor','ferreira canel','TESTE','user','user','22/06/1989',FALSE)
COMMIT
DISCONNECT
/*C682*/SET SCHEMA PUBLIC
DISCONNECT
/*C683*/SET SCHEMA PUBLIC
DISCONNECT
/*C684*/SET SCHEMA PUBLIC
DISCONNECT
/*C685*/SET SCHEMA PUBLIC
INSERT INTO CARTAODECREDITO VALUES('1111.1111.1111.2222','',24)
COMMIT
DISCONNECT
/*C686*/SET SCHEMA PUBLIC
DISCONNECT
/*C687*/SET SCHEMA PUBLIC
DISCONNECT
/*C688*/SET SCHEMA PUBLIC
DISCONNECT
/*C689*/SET SCHEMA PUBLIC
DISCONNECT
/*C690*/SET SCHEMA PUBLIC
DISCONNECT
/*C691*/SET SCHEMA PUBLIC
DISCONNECT
/*C692*/SET SCHEMA PUBLIC
DISCONNECT
/*C693*/SET SCHEMA PUBLIC
DELETE FROM CARTAODECREDITO WHERE NUMEROCARTAO='1111.1111.1111.2222'
COMMIT
DISCONNECT
/*C694*/SET SCHEMA PUBLIC
DISCONNECT
/*C695*/SET SCHEMA PUBLIC
DISCONNECT
/*C675*/SET SCHEMA PUBLIC
DISCONNECT
/*C676*/SET SCHEMA PUBLIC
DISCONNECT
/*C447*/SET SCHEMA PUBLIC
DISCONNECT
